<?xml version="1.0"?>
<kernel>
    <plugin_directories>
        <plugindir>./install/lib/leosac</plugindir>
        <plugindir>./install/lib/leosac/auth</plugindir>
    </plugin_directories>

    <autosave>true</autosave>

    <network>
        <enabled>false</enabled>
    </network>

    <remote>
        <port>12345</port>
        <secret_key>Ygk2EVo#hr*uTG=U[jFFWrb9HDW-V?388=kj)AUz</secret_key>
        <public_key>TJz$:^DbZvFN@wv/ct&[Su6Nnu6w!fMGHEcIttyT</public_key>
    </remote>

    <modules>
    </modules>

</kernel>
